[debug] [2022-11-24T15:56:42.837Z] ----------------------------------------------------------------------
[debug] [2022-11-24T15:56:42.840Z] Command:       C:\Program Files\nodejs\node.exe C:\Users\Mateen Mirani\AppData\Roaming\npm\node_modules\firebase-tools\lib\bin\firebase.js init
[debug] [2022-11-24T15:56:42.841Z] CLI Version:   11.16.1
[debug] [2022-11-24T15:56:42.841Z] Platform:      win32
[debug] [2022-11-24T15:56:42.841Z] Node Version:  v16.18.0
[debug] [2022-11-24T15:56:42.842Z] Time:          Thu Nov 24 2022 20:56:42 GMT+0500 (Pakistan Standard Time)
[debug] [2022-11-24T15:56:42.843Z] ----------------------------------------------------------------------
[debug] 
[debug] [2022-11-24T15:56:42.854Z] > command requires scopes: ["email","openid","https://www.googleapis.com/auth/cloudplatformprojects.readonly","https://www.googleapis.com/auth/firebase","https://www.googleapis.com/auth/cloud-platform"]
[debug] [2022-11-24T15:56:42.855Z] > authorizing via signed-in user (mateenmirani125@gmail.com)
[info] 
     ######## #### ########  ######## ########     ###     ######  ########
     ##        ##  ##     ## ##       ##     ##  ##   ##  ##       ##
     ######    ##  ########  ######   ########  #########  ######  ######
     ##        ##  ##    ##  ##       ##     ## ##     ##       ## ##
     ##       #### ##     ## ######## ########  ##     ##  ######  ########

You're about to initialize a Firebase project in this directory:

  D:\Development\60-Day-of-code\Microsoft-clone

[info] 
=== Project Setup
[info] 
[info] First, let's associate this project directory with a Firebase project.
[info] You can create multiple project aliases by running firebase use --add, 
[info] but for now we'll just set up a default project.
[info] 
[debug] [2022-11-24T15:56:50.512Z] >>> [apiv2][query] GET https://firebase.googleapis.com/v1beta1/projects pageSize=100
[debug] [2022-11-24T15:56:51.399Z] <<< [apiv2][status] GET https://firebase.googleapis.com/v1beta1/projects 200
[debug] [2022-11-24T15:56:51.400Z] <<< [apiv2][body] GET https://firebase.googleapis.com/v1beta1/projects [omitted]
[info] i  Using project micro-clone (Microsoft-clone) 
[info] 
=== Hosting Setup
[info] 
[info] Your public directory is the folder (relative to your project directory) that
[info] will contain Hosting assets to be uploaded with firebase deploy. If you
[info] have a build process for your assets, use your build's output directory.
[info] 
